{
[0]=	0,
[1]=	0,
[2]=	0,
[3]=	0,
[4]=	0,
[5]=	0,
[6]=	0,
[7]=	0,
[8]=	2,
[9]=	-31488,
[10]=	0,
[11]=	0,
[12]=	1,
[13]=	364,
[14]=	0,
[15]=	0,
[16]=	0,
[17]=	0,
[18]=	0,
[19]=	0,
[20]=	0,
[21]=	0,
[22]=	0,
[23]=	0,
[24]=	0,
[25]=	0,
[26]=	384,
[27]=	0,
[28]=	0,
[29]=	0,
[30]=	0,
[31]=	0,
[32]=	0,
[33]=	0,
[34]=	0,
[35]=	0,
[36]=	0,
[37]=	0,
[38]=	0,
[39]=	0,
[40]=	0,
[41]=	0,
[42]=	0,
[43]=	0,
[44]=	0,
[45]=	0,
[46]=	0,
[47]=	0,
[48]=	0,
[49]=	-32768,
[50]=	-32768,
[51]=	0,
[52]=	0,
[53]=	0,
[54]=	0,
[55]=	0,
[56]=	0,
[57]=	1,
[58]=	1,
[59]=	0,
[60]=	0,
[61]=	1,
[62]=	0,
[63]=	0,
[64]=	0,
[65]=	3400,
[66]=	0,
[67]=	0,
[68]=	0,
[69]=	0,
[70]=	0,
[71]=	0,
[72]=	0,
[73]=	0,
[74]=	0,
[75]=	0,
[76]=	0,
[77]=	0,
[78]=	0,
[79]=	0,
[80]=	0,
[81]=	0,
[82]=	0,
[83]=	0,
[84]=	0,
[85]=	0,
[86]=	0,
[87]=	0,
[88]=	0,
[89]=	0,
[90]=	0,
[91]=	0,
[92]=	4000,
[93]=	0,
[94]=	1,
[95]=	0,
[96]=	0,
[97]=	1,
[98]=	0,
[99]=	0,
[100]=	0,
[101]=	1,
[102]=	0,
[103]=	0,
[104]=	4000,
[105]=	1,
[106]=	0,
[107]=	0,
[108]=	0,
[109]=	0,
[110]=	9,
[111]=	0,
[112]=	320,
[113]=	2,
[114]=	0,
[115]=	0,
[116]=	0,
[117]=	0,
[118]=	0,
[119]=	0,
[120]=	0,
[121]=	0,
[122]=	0,
[123]=	0,
[124]=	0,
[125]=	0,
[126]=	0,
[127]=	0,
[128]=	0,
[129]=	0,
[130]=	0,
[131]=	0,
[132]=	0,
[133]=	0,
[134]=	0,
[135]=	0,
[136]=	0,
[137]=	0,
[138]=	0,
[139]=	0,
[140]=	0,
[141]=	1,
[142]=	1,
[143]=	2,
[144]=	0,
[145]=	0,
[146]=	0,
[147]=	0,
[148]=	0,
[149]=	0,
[150]=	0,
[151]=	0,
[152]=	24899,
[153]=	0,
[154]=	0,
[155]=	0,
[156]=	-1,
[157]=	0,
[158]=	0,
[159]=	0,
[160]=	0,
[161]=	0,
[162]=	0,
[163]=	0,
[164]=	0,
[165]=	1000,
[166]=	30,
[167]=	0,
[168]=	0,
[169]=	4,
[170]=	1,
[171]=	0,
[172]=	0,
[173]=	0,
[174]=	0,
[175]=	0,
[176]=	0,
[177]=	0,
[178]=	0,
[179]=	0,
[180]=	-6929,
[181]=	-6929,
[182]=	0,
[183]=	0,
[184]=	0,
[185]=	0,
[186]=	0,
[187]=	0,
[188]=	0,
[189]=	0,
[190]=	0,
[191]=	0,
[192]=	0,
[193]=	0,
[194]=	0,
[195]=	0,
[196]=	12187,
[197]=	0,
[198]=	0,
[199]=	0,
[200]=	0,
[201]=	0,
[202]=	0,
[203]=	0,
[204]=	0,
[205]=	0,
[206]=	0,
[207]=	0,
[208]=	0,
[209]=	0,
[210]=	1,
[211]=	0,
[212]=	0,
[213]=	0,
[214]=	0,
[215]=	0,
[216]=	0,
[217]=	0,
[218]=	0,
[219]=	0,
[220]=	0,
[221]=	0,
[222]=	0,
[223]=	0,
[224]=	0,
[225]=	0,
[226]=	0,
[227]=	0,
[228]=	0,
[229]=	2,
[230]=	1,
[231]=	0,
[232]=	0,
[233]=	0,
[234]=	0,
[235]=	0,
[236]=	0,
[237]=	0,
[238]=	0,
[239]=	0,
[240]=	0,
[241]=	0,
[242]=	0,
[243]=	0,
[244]=	0,
[245]=	3400,
[246]=	0,
[247]=	0,
[248]=	0,
[249]=	0,
[250]=	0,
[251]=	0,
[252]=	0,
[253]=	0,
[254]=	0,
[255]=	0,
[256]=	0,
[257]=	0,
[258]=	0,
[259]=	0,
[260]=	0,
[261]=	0,
[262]=	0,
[263]=	0,
[264]=	0,
[265]=	0,
[266]=	28483,
[267]=	0,
[268]=	0,
[269]=	948,
[270]=	0,
[271]=	0,
[272]=	0,
[273]=	0,
[274]=	0,
[275]=	0,
[276]=	0,
[277]=	0,
[278]=	0,
[279]=	0,
ver=1,
from=0,
to=279,
diffs_were="[9] 0000 -> 8500",
}
